Python-dotenv could not parse statement starting at line 2
Python-dotenv could not parse statement starting at line 3
Python-dotenv could not parse statement starting at line 5
Python-dotenv could not parse statement starting at line 7
Python-dotenv could not parse statement starting at line 9
Python-dotenv could not parse statement starting at line 11
Python-dotenv could not parse statement starting at line 13
Python-dotenv could not parse statement starting at line 15
Python-dotenv could not parse statement starting at line 2
Python-dotenv could not parse statement starting at line 3
Python-dotenv could not parse statement starting at line 5
Python-dotenv could not parse statement starting at line 7
Python-dotenv could not parse statement starting at line 9
Python-dotenv could not parse statement starting at line 11
Python-dotenv could not parse statement starting at line 13
Python-dotenv could not parse statement starting at line 15
 * Restarting with stat
Python-dotenv could not parse statement starting at line 2
Python-dotenv could not parse statement starting at line 3
Python-dotenv could not parse statement starting at line 5
Python-dotenv could not parse statement starting at line 7
Python-dotenv could not parse statement starting at line 9
Python-dotenv could not parse statement starting at line 11
Python-dotenv could not parse statement starting at line 13
Python-dotenv could not parse statement starting at line 15
 * Debugger is active!
 * Debugger PIN: 695-713-340
 * Running on http://127.0.0.1:5000/ (Press CTRL+C to quit)
 * Detected change in 'D:\\Tareas\\281\\proy2\\database.py', reloading
 * Restarting with stat
Python-dotenv could not parse statement starting at line 2
Python-dotenv could not parse statement starting at line 3
Python-dotenv could not parse statement starting at line 5
Python-dotenv could not parse statement starting at line 7
Python-dotenv could not parse statement starting at line 9
Python-dotenv could not parse statement starting at line 11
Python-dotenv could not parse statement starting at line 13
Python-dotenv could not parse statement starting at line 15
 * Restarting with stat
Python-dotenv could not parse statement starting at line 2
Python-dotenv could not parse statement starting at line 3
Python-dotenv could not parse statement starting at line 5
Python-dotenv could not parse statement starting at line 7
Python-dotenv could not parse statement starting at line 9
Python-dotenv could not parse statement starting at line 11
Python-dotenv could not parse statement starting at line 13
Python-dotenv could not parse statement starting at line 15
 * Debugger is active!
 * Debugger PIN: 695-713-340
 * Running on http://127.0.0.1:5000/ (Press CTRL+C to quit)
 * Detected change in 'D:\\Tareas\\281\\proy2\\app.py', reloading
 * Restarting with stat
Python-dotenv could not parse statement starting at line 2
Python-dotenv could not parse statement starting at line 3
Python-dotenv could not parse statement starting at line 5
Python-dotenv could not parse statement starting at line 7
Python-dotenv could not parse statement starting at line 9
Python-dotenv could not parse statement starting at line 11
Python-dotenv could not parse statement starting at line 13
Python-dotenv could not parse statement starting at line 15
 * Restarting with stat
Python-dotenv could not parse statement starting at line 2
Python-dotenv could not parse statement starting at line 3
Python-dotenv could not parse statement starting at line 5
Python-dotenv could not parse statement starting at line 7
Python-dotenv could not parse statement starting at line 9
Python-dotenv could not parse statement starting at line 11
Python-dotenv could not parse statement starting at line 13
Python-dotenv could not parse statement starting at line 15
 * Debugger is active!
 * Debugger PIN: 695-713-340
 * Running on http://127.0.0.1:9999/ (Press CTRL+C to quit)
127.0.0.1 - - [18/Oct/2021 16:59:01] "GET /index HTTP/1.1" 404 -
 * Detected change in 'D:\\Tareas\\281\\proy2\\app.py', reloading
 * Restarting with stat
Python-dotenv could not parse statement starting at line 2
Python-dotenv could not parse statement starting at line 3
Python-dotenv could not parse statement starting at line 5
Python-dotenv could not parse statement starting at line 7
Python-dotenv could not parse statement starting at line 9
Python-dotenv could not parse statement starting at line 11
Python-dotenv could not parse statement starting at line 13
Python-dotenv could not parse statement starting at line 15
 * Debugger is active!
 * Debugger PIN: 695-713-340
 * Running on http://127.0.0.1:9999/ (Press CTRL+C to quit)
Python-dotenv could not parse statement starting at line 2
Python-dotenv could not parse statement starting at line 3
Python-dotenv could not parse statement starting at line 5
Python-dotenv could not parse statement starting at line 7
Python-dotenv could not parse statement starting at line 9
Python-dotenv could not parse statement starting at line 11
Python-dotenv could not parse statement starting at line 13
Python-dotenv could not parse statement starting at line 15
 * Restarting with stat
Python-dotenv could not parse statement starting at line 2
Python-dotenv could not parse statement starting at line 3
Python-dotenv could not parse statement starting at line 5
Python-dotenv could not parse statement starting at line 7
Python-dotenv could not parse statement starting at line 9
Python-dotenv could not parse statement starting at line 11
Python-dotenv could not parse statement starting at line 13
Python-dotenv could not parse statement starting at line 15
 * Debugger is active!
 * Debugger PIN: 695-713-340
 * Running on http://127.0.0.1:9999/ (Press CTRL+C to quit)
127.0.0.1 - - [18/Oct/2021 17:01:24] "GET /index HTTP/1.1" 404 -
 * Detected change in 'D:\\Tareas\\281\\proy2\\test.py', reloading
 * Restarting with stat
Python-dotenv could not parse statement starting at line 2
Python-dotenv could not parse statement starting at line 3
Python-dotenv could not parse statement starting at line 5
Python-dotenv could not parse statement starting at line 7
Python-dotenv could not parse statement starting at line 9
Python-dotenv could not parse statement starting at line 11
Python-dotenv could not parse statement starting at line 13
Python-dotenv could not parse statement starting at line 15
 * Restarting with stat
Python-dotenv could not parse statement starting at line 2
Python-dotenv could not parse statement starting at line 3
Python-dotenv could not parse statement starting at line 5
Python-dotenv could not parse statement starting at line 7
Python-dotenv could not parse statement starting at line 9
Python-dotenv could not parse statement starting at line 11
Python-dotenv could not parse statement starting at line 13
Python-dotenv could not parse statement starting at line 15
 * Debugger is active!
 * Debugger PIN: 695-713-340
 * Running on http://127.0.0.1:9999/ (Press CTRL+C to quit)
127.0.0.1 - - [18/Oct/2021 17:04:18] "GET / HTTP/1.1" 404 -
127.0.0.1 - - [18/Oct/2021 17:04:18] "GET /favicon.ico HTTP/1.1" 404 -
127.0.0.1 - - [18/Oct/2021 17:04:27] "GET /index HTTP/1.1" 404 -
127.0.0.1 - - [18/Oct/2021 17:04:48] "GET /api/ HTTP/1.1" 200 -
127.0.0.1 - - [18/Oct/2021 17:05:09] "GET /api HTTP/1.1" 308 -
127.0.0.1 - - [18/Oct/2021 17:05:09] "GET /api/ HTTP/1.1" 200 -
127.0.0.1 - - [18/Oct/2021 17:05:26] "GET /api/login HTTP/1.1" 405 -
127.0.0.1 - - [18/Oct/2021 17:05:31] "POST /api/login HTTP/1.1" 400 -
127.0.0.1 - - [18/Oct/2021 17:06:22] "POST /api/login HTTP/1.1" 500 -
 * Detected change in 'D:\\Tareas\\281\\proy2\\auth.py', reloading
 * Restarting with stat
Python-dotenv could not parse statement starting at line 2
Python-dotenv could not parse statement starting at line 3
Python-dotenv could not parse statement starting at line 5
Python-dotenv could not parse statement starting at line 7
Python-dotenv could not parse statement starting at line 9
Python-dotenv could not parse statement starting at line 11
Python-dotenv could not parse statement starting at line 13
Python-dotenv could not parse statement starting at line 15
 * Debugger is active!
 * Debugger PIN: 695-713-340
 * Running on http://127.0.0.1:9999/ (Press CTRL+C to quit)
127.0.0.1 - - [18/Oct/2021 17:07:02] "POST /api/login HTTP/1.1" 200 -
Error
Traceback (most recent call last):
  File "D:\Tareas\281\proy2\app.py", line 51, in check_if_token_in_blacklist
    entry = resources.getToken(jti,False)
  File "D:\Tareas\281\proy2\ModelJwt.py", line 26, in getToken
    result = db.jwt.find_one({"jti": jti, "revoked":revoked})
AttributeError: 'Connection' object has no attribute 'jwt'
127.0.0.1 - - [18/Oct/2021 17:16:09] "GET /api/protected HTTP/1.1" 401 -
 * Detected change in 'D:\\Tareas\\281\\proy2\\app.py', reloading
 * Restarting with stat
Python-dotenv could not parse statement starting at line 2
Python-dotenv could not parse statement starting at line 3
Python-dotenv could not parse statement starting at line 5
Python-dotenv could not parse statement starting at line 7
Python-dotenv could not parse statement starting at line 9
Python-dotenv could not parse statement starting at line 11
Python-dotenv could not parse statement starting at line 13
Python-dotenv could not parse statement starting at line 15
 * Debugger is active!
 * Debugger PIN: 695-713-340
 * Running on http://127.0.0.1:9999/ (Press CTRL+C to quit)
Python-dotenv could not parse statement starting at line 2
Python-dotenv could not parse statement starting at line 3
Python-dotenv could not parse statement starting at line 5
Python-dotenv could not parse statement starting at line 7
Python-dotenv could not parse statement starting at line 9
Python-dotenv could not parse statement starting at line 11
Python-dotenv could not parse statement starting at line 13
Python-dotenv could not parse statement starting at line 15
 * Restarting with stat
Python-dotenv could not parse statement starting at line 2
Python-dotenv could not parse statement starting at line 3
Python-dotenv could not parse statement starting at line 5
Python-dotenv could not parse statement starting at line 7
Python-dotenv could not parse statement starting at line 9
Python-dotenv could not parse statement starting at line 11
Python-dotenv could not parse statement starting at line 13
Python-dotenv could not parse statement starting at line 15
 * Debugger is active!
 * Debugger PIN: 695-713-340
 * Running on http://127.0.0.1:9999/ (Press CTRL+C to quit)
127.0.0.1 - - [18/Oct/2021 17:26:00] "POST /api/login HTTP/1.1" 200 -
127.0.0.1 - - [18/Oct/2021 17:26:26] "GET /api/protected HTTP/1.1" 500 -
 * Detected change in 'D:\\Tareas\\281\\proy2\\app.py', reloading
 * Restarting with stat
Python-dotenv could not parse statement starting at line 2
Python-dotenv could not parse statement starting at line 3
Python-dotenv could not parse statement starting at line 5
Python-dotenv could not parse statement starting at line 7
Python-dotenv could not parse statement starting at line 9
Python-dotenv could not parse statement starting at line 11
Python-dotenv could not parse statement starting at line 13
Python-dotenv could not parse statement starting at line 15
 * Debugger is active!
 * Debugger PIN: 695-713-340
 * Running on http://127.0.0.1:9999/ (Press CTRL+C to quit)
127.0.0.1 - - [18/Oct/2021 17:27:42] "POST /api/login HTTP/1.1" 200 -
127.0.0.1 - - [18/Oct/2021 17:27:57] "GET /api/protected HTTP/1.1" 200 -
127.0.0.1 - - [18/Oct/2021 17:28:21] "GET /api/protected HTTP/1.1" 401 -
Python-dotenv could not parse statement starting at line 2
Python-dotenv could not parse statement starting at line 3
Python-dotenv could not parse statement starting at line 5
Python-dotenv could not parse statement starting at line 7
Python-dotenv could not parse statement starting at line 9
Python-dotenv could not parse statement starting at line 11
Python-dotenv could not parse statement starting at line 13
Python-dotenv could not parse statement starting at line 15
 * Restarting with stat
Python-dotenv could not parse statement starting at line 2
Python-dotenv could not parse statement starting at line 3
Python-dotenv could not parse statement starting at line 5
Python-dotenv could not parse statement starting at line 7
Python-dotenv could not parse statement starting at line 9
Python-dotenv could not parse statement starting at line 11
Python-dotenv could not parse statement starting at line 13
Python-dotenv could not parse statement starting at line 15
 * Debugger is active!
 * Debugger PIN: 695-713-340
 * Running on http://127.0.0.1:9999/ (Press CTRL+C to quit)
127.0.0.1 - - [19/Oct/2021 17:46:25] "GET /api/protected HTTP/1.1" 401 -
127.0.0.1 - - [19/Oct/2021 17:46:37] "POST /api/login HTTP/1.1" 500 -
 * Detected change in 'D:\\Tareas\\281\\INF281-Proyecto2\\backend\\Responses.py', reloading
 * Restarting with stat
Python-dotenv could not parse statement starting at line 2
Python-dotenv could not parse statement starting at line 3
Python-dotenv could not parse statement starting at line 5
Python-dotenv could not parse statement starting at line 7
Python-dotenv could not parse statement starting at line 9
Python-dotenv could not parse statement starting at line 11
Python-dotenv could not parse statement starting at line 13
Python-dotenv could not parse statement starting at line 15
 * Debugger is active!
 * Debugger PIN: 695-713-340
 * Running on http://127.0.0.1:9999/ (Press CTRL+C to quit)
Python-dotenv could not parse statement starting at line 2
Python-dotenv could not parse statement starting at line 3
Python-dotenv could not parse statement starting at line 5
Python-dotenv could not parse statement starting at line 7
Python-dotenv could not parse statement starting at line 9
Python-dotenv could not parse statement starting at line 11
Python-dotenv could not parse statement starting at line 13
Python-dotenv could not parse statement starting at line 15
 * Restarting with stat
Python-dotenv could not parse statement starting at line 2
Python-dotenv could not parse statement starting at line 3
Python-dotenv could not parse statement starting at line 5
Python-dotenv could not parse statement starting at line 7
Python-dotenv could not parse statement starting at line 9
Python-dotenv could not parse statement starting at line 11
Python-dotenv could not parse statement starting at line 13
Python-dotenv could not parse statement starting at line 15
 * Debugger is active!
 * Debugger PIN: 695-713-340
 * Running on http://127.0.0.1:9999/ (Press CTRL+C to quit)
127.0.0.1 - - [19/Oct/2021 17:47:47] "POST /api/login HTTP/1.1" 401 -
127.0.0.1 - - [19/Oct/2021 17:47:57] "POST /api/login HTTP/1.1" 200 -
127.0.0.1 - - [19/Oct/2021 17:51:41] "OPTIONS /api/login HTTP/1.1" 200 -
127.0.0.1 - - [19/Oct/2021 17:52:34] "POST /api/login HTTP/1.1" 200 -
127.0.0.1 - - [19/Oct/2021 17:52:46] "OPTIONS /api/login HTTP/1.1" 200 -
127.0.0.1 - - [19/Oct/2021 17:53:22] "POST /api/login HTTP/1.1" 200 -
127.0.0.1 - - [19/Oct/2021 17:53:44] "OPTIONS /api/login HTTP/1.1" 200 -
127.0.0.1 - - [19/Oct/2021 17:54:42] "OPTIONS /api/login HTTP/1.1" 200 -
127.0.0.1 - - [19/Oct/2021 17:55:48] "OPTIONS /api/login HTTP/1.1" 200 -
127.0.0.1 - - [19/Oct/2021 17:56:13] "OPTIONS /api/login HTTP/1.1" 200 -
127.0.0.1 - - [19/Oct/2021 17:56:37] "POST /api/login HTTP/1.1" 200 -
127.0.0.1 - - [19/Oct/2021 18:01:43] "OPTIONS /api/login HTTP/1.1" 200 -
127.0.0.1 - - [19/Oct/2021 18:03:41] "OPTIONS /api/login HTTP/1.1" 200 -
127.0.0.1 - - [19/Oct/2021 18:04:22] "OPTIONS /api/login HTTP/1.1" 200 -
127.0.0.1 - - [19/Oct/2021 18:04:30] "OPTIONS /api/login HTTP/1.1" 200 -
127.0.0.1 - - [19/Oct/2021 18:04:33] "OPTIONS /api/login HTTP/1.1" 200 -
127.0.0.1 - - [19/Oct/2021 18:05:47] "OPTIONS /api/login HTTP/1.1" 200 -
127.0.0.1 - - [19/Oct/2021 18:05:53] "OPTIONS /api/login HTTP/1.1" 200 -
127.0.0.1 - - [19/Oct/2021 18:06:17] "OPTIONS /api/login HTTP/1.1" 200 -
127.0.0.1 - - [19/Oct/2021 18:08:55] "OPTIONS /api/login HTTP/1.1" 200 -
127.0.0.1 - - [19/Oct/2021 18:08:59] "OPTIONS /api/login HTTP/1.1" 200 -
127.0.0.1 - - [19/Oct/2021 18:09:32] "OPTIONS /api/login HTTP/1.1" 200 -
127.0.0.1 - - [19/Oct/2021 18:26:34] "OPTIONS /api/login HTTP/1.1" 200 -
